<?xml version="1.0" encoding="UTF-8"?>
<!-- Generated by org.testng.reporters.JUnitReportReporter -->
<testsuite hostname="Robi" failures="0" tests="1" name="com.example.nopcommerce.OrderTest" time="58.246" errors="0" timestamp="2024-04-19T16:09:11 BDT" skipped="0">
  <testcase classname="com.example.nopcommerce.OrderTest" name="userRegistrationTest" time="58.246"/>
</testsuite> <!-- com.example.nopcommerce.OrderTest -->
