<?xml version="1.0" encoding="UTF-8"?>
<!-- Generated by org.testng.reporters.JUnitReportReporter -->
<testsuite hostname="Robi" failures="0" tests="1" name="com.example.nopcommerce.RegistrationTest" time="6.888" errors="0" timestamp="2024-04-19T16:09:11 BDT" skipped="0">
  <testcase classname="com.example.nopcommerce.RegistrationTest" name="userRegistrationTest" time="6.888"/>
</testsuite> <!-- com.example.nopcommerce.RegistrationTest -->
